Building DAG of jobs...
shared_storage_local_copies: False
remote_exec: False
Unable to retrieve additional files from git. This is not a git repository.
Uploading source archive to storage provider...
Checking status of 0 jobs
Using snakemake/snakemake:v8.10.8 for Kubernetes jobs.
Using shell: /bin/bash
Provided remote nodes: 5
Job stats:
job         count
--------  -------
all             1
get_file        1
total           2

Resources before job selection: {'_cores': 9223372036854775807, '_nodes': 5}
Ready jobs (1)
Select jobs to execute...
Using greedy selector because only single job has to be scheduled.
Selected jobs (1)
Resources after job selection: {'_cores': 9223372036854775806, '_nodes': 4}
Execute 1 jobs...

[Fri Apr 26 14:43:39 2024]
rule get_file:
    input: https://example-files.online-convert.com/document/txt/example.txt (retrieve from storage)
    output: gs://orcestradata/snakemake8_test/results/summary.txt (send to storage)
    jobid: 1
    reason: Forced execution
    resources: tmpdir=<TBD>

General args: ['--force', '--target-files-omit-workdir-adjustment', '--keep-storage-local-copies', '--max-inventory-time 0', '--nocolor', '--notemp', '--no-hooks', '--nolock', '--ignore-incomplete', '', '--verbose ', '--rerun-triggers software-env params mtime input code', '', '', '', '--conda-frontend mamba', '', '', '', '', '', '--shared-fs-usage none', '', '--wrapper-prefix https://github.com/snakemake/snakemake-wrappers/raw/', '', '', '', '', '', '--latency-wait 5', '--scheduler ilp', '--local-storage-prefix .snakemake/storage', '', '', '', '', '', '--storage-gcs-retries 5', '--storage-http-allow-redirects True', '', '', '--default-storage-prefix gs://orcestradata/snakemake8_test --default-storage-provider gcs', '--default-resources base64//dG1wZGlyPXN5c3RlbV90bXBkaXI=']
Checking status of 0 jobs
Checking status of 0 jobs
unlocking
removing lock
removing lock
removed all locks
Full Traceback (most recent call last):
  File "/Users/bhklab/Documents/GitHub/snakemake_playground/snakemake-kubernetesissue/.pixi/envs/default/lib/python3.12/site-packages/snakemake/cli.py", line 2068, in args_to_api
    dag_api.execute_workflow(
  File "/Users/bhklab/Documents/GitHub/snakemake_playground/snakemake-kubernetesissue/.pixi/envs/default/lib/python3.12/site-packages/snakemake/api.py", line 589, in execute_workflow
    workflow.execute(
  File "/Users/bhklab/Documents/GitHub/snakemake_playground/snakemake-kubernetesissue/.pixi/envs/default/lib/python3.12/site-packages/snakemake/workflow.py", line 1247, in execute
    raise e
  File "/Users/bhklab/Documents/GitHub/snakemake_playground/snakemake-kubernetesissue/.pixi/envs/default/lib/python3.12/site-packages/snakemake/workflow.py", line 1243, in execute
    success = self.scheduler.schedule()
              ^^^^^^^^^^^^^^^^^^^^^^^^^
  File "/Users/bhklab/Documents/GitHub/snakemake_playground/snakemake-kubernetesissue/.pixi/envs/default/lib/python3.12/site-packages/snakemake/scheduler.py", line 311, in schedule
    self.run(runjobs)
  File "/Users/bhklab/Documents/GitHub/snakemake_playground/snakemake-kubernetesissue/.pixi/envs/default/lib/python3.12/site-packages/snakemake/scheduler.py", line 399, in run
    executor.run_jobs(jobs)
  File "/Users/bhklab/Documents/GitHub/snakemake_playground/snakemake-kubernetesissue/.pixi/envs/default/lib/python3.12/site-packages/snakemake_interface_executor_plugins/executors/base.py", line 72, in run_jobs
    self.run_job(job)
  File "/Users/bhklab/Documents/GitHub/snakemake_playground/snakemake-kubernetesissue/.pixi/envs/default/lib/python3.12/site-packages/snakemake_executor_plugin_kubernetes/__init__.py", line 115, in run_job
    exec_job = self.format_job_exec(job)
               ^^^^^^^^^^^^^^^^^^^^^^^^^
  File "/Users/bhklab/Documents/GitHub/snakemake_playground/snakemake-kubernetesissue/.pixi/envs/default/lib/python3.12/site-packages/snakemake_interface_executor_plugins/executors/real.py", line 157, in format_job_exec
    precommand = self.workflow.spawned_job_args_factory.precommand(
                 ^^^^^^^^^^^^^^^^^^^^^^^^^^^^^^^^^^^^^^^^^^^^^^^^^^
  File "/Users/bhklab/Documents/GitHub/snakemake_playground/snakemake-kubernetesissue/.pixi/envs/default/lib/python3.12/site-packages/snakemake/spawn_jobs.py", line 198, in precommand
    precommand = []
                 ^^
  File "/Users/bhklab/Documents/GitHub/snakemake_playground/snakemake-kubernetesissue/.pixi/envs/default/lib/python3.12/bdb.py", line 90, in trace_dispatch
    return self.dispatch_line(frame)
           ^^^^^^^^^^^^^^^^^^^^^^^^^
  File "/Users/bhklab/Documents/GitHub/snakemake_playground/snakemake-kubernetesissue/.pixi/envs/default/lib/python3.12/bdb.py", line 115, in dispatch_line
    if self.quitting: raise BdbQuit
                      ^^^^^^^^^^^^^
bdb.BdbQuit

Traceback (most recent call last):

  File "/Users/bhklab/Documents/GitHub/snakemake_playground/snakemake-kubernetesissue/.pixi/envs/default/lib/python3.12/site-packages/snakemake/cli.py", line 2068, in args_to_api
    dag_api.execute_workflow(

  File "/Users/bhklab/Documents/GitHub/snakemake_playground/snakemake-kubernetesissue/.pixi/envs/default/lib/python3.12/site-packages/snakemake/api.py", line 589, in execute_workflow
    workflow.execute(

  File "/Users/bhklab/Documents/GitHub/snakemake_playground/snakemake-kubernetesissue/.pixi/envs/default/lib/python3.12/site-packages/snakemake/workflow.py", line 1247, in execute
    raise e

  File "/Users/bhklab/Documents/GitHub/snakemake_playground/snakemake-kubernetesissue/.pixi/envs/default/lib/python3.12/site-packages/snakemake/workflow.py", line 1243, in execute
    success = self.scheduler.schedule()
              ^^^^^^^^^^^^^^^^^^^^^^^^^

  File "/Users/bhklab/Documents/GitHub/snakemake_playground/snakemake-kubernetesissue/.pixi/envs/default/lib/python3.12/site-packages/snakemake/scheduler.py", line 311, in schedule
    self.run(runjobs)

  File "/Users/bhklab/Documents/GitHub/snakemake_playground/snakemake-kubernetesissue/.pixi/envs/default/lib/python3.12/site-packages/snakemake/scheduler.py", line 399, in run
    executor.run_jobs(jobs)

  File "/Users/bhklab/Documents/GitHub/snakemake_playground/snakemake-kubernetesissue/.pixi/envs/default/lib/python3.12/site-packages/snakemake_interface_executor_plugins/executors/base.py", line 72, in run_jobs
    self.run_job(job)

  File "/Users/bhklab/Documents/GitHub/snakemake_playground/snakemake-kubernetesissue/.pixi/envs/default/lib/python3.12/site-packages/snakemake_executor_plugin_kubernetes/__init__.py", line 115, in run_job
    exec_job = self.format_job_exec(job)
               ^^^^^^^^^^^^^^^^^^^^^^^^^

  File "/Users/bhklab/Documents/GitHub/snakemake_playground/snakemake-kubernetesissue/.pixi/envs/default/lib/python3.12/site-packages/snakemake_interface_executor_plugins/executors/real.py", line 157, in format_job_exec
    precommand = self.workflow.spawned_job_args_factory.precommand(
                 ^^^^^^^^^^^^^^^^^^^^^^^^^^^^^^^^^^^^^^^^^^^^^^^^^^

  File "/Users/bhklab/Documents/GitHub/snakemake_playground/snakemake-kubernetesissue/.pixi/envs/default/lib/python3.12/site-packages/snakemake/spawn_jobs.py", line 198, in precommand
    precommand = []
                 ^^

  File "/Users/bhklab/Documents/GitHub/snakemake_playground/snakemake-kubernetesissue/.pixi/envs/default/lib/python3.12/bdb.py", line 90, in trace_dispatch
    return self.dispatch_line(frame)
           ^^^^^^^^^^^^^^^^^^^^^^^^^

  File "/Users/bhklab/Documents/GitHub/snakemake_playground/snakemake-kubernetesissue/.pixi/envs/default/lib/python3.12/bdb.py", line 115, in dispatch_line
    if self.quitting: raise BdbQuit
                      ^^^^^^^^^^^^^

bdb.BdbQuit

